<?xml version="1.0" encoding="UTF-8"?>
<testng-results ignored="0" total="1" passed="1" failed="0" skipped="0">
  <reporter-output>
  </reporter-output>
  <suite started-at="2022-12-01T00:29:17 IST" name="Suite" finished-at="2022-12-01T00:29:18 IST" duration-ms="312">
    <groups>
    </groups>
    <test started-at="2022-12-01T00:29:17 IST" name="Test" finished-at="2022-12-01T00:29:18 IST" duration-ms="312">
      <class name="creditSuisseJavaAssignment.RunnerClass">
        <test-method signature="executeTestcase()[pri:0, instance:creditSuisseJavaAssignment.RunnerClass@3b2da18f]" started-at="2022-12-01T00:29:17 IST" name="executeTestcase" finished-at="2022-12-01T00:29:18 IST" duration-ms="261" status="PASS">
          <reporter-output>
          </reporter-output>
        </test-method> <!-- executeTestcase -->
      </class> <!-- creditSuisseJavaAssignment.RunnerClass -->
    </test> <!-- Test -->
  </suite> <!-- Suite -->
</testng-results>
