<?xml version="1.0" encoding="UTF-8"?>
<testng-results ignored="0" total="1" passed="1" failed="0" skipped="0">
  <reporter-output>
  </reporter-output>
  <suite started-at="2022-12-01T00:26:31 IST" name="Default suite" finished-at="2022-12-01T00:26:31 IST" duration-ms="369">
    <groups>
    </groups>
    <test started-at="2022-12-01T00:26:31 IST" name="Default test" finished-at="2022-12-01T00:26:31 IST" duration-ms="369">
      <class name="creditSuisseJavaAssignment.RunnerClass">
        <test-method signature="executeTestcase()[pri:0, instance:creditSuisseJavaAssignment.RunnerClass@45b9a632]" started-at="2022-12-01T00:26:31 IST" name="executeTestcase" finished-at="2022-12-01T00:26:31 IST" duration-ms="299" status="PASS">
          <reporter-output>
          </reporter-output>
        </test-method> <!-- executeTestcase -->
      </class> <!-- creditSuisseJavaAssignment.RunnerClass -->
    </test> <!-- Default test -->
  </suite> <!-- Default suite -->
</testng-results>
